<?xml version="1.0" encoding="UTF-8"?>
<!-- Generated by org.testng.reporters.JUnitXMLReporter -->
<testsuite hostname="DESKTOP-IC54V12" ignored="0" name="Test" tests="4" failures="0" timestamp="2020-03-28T02:27:01 CDT" time="0.058" errors="0">
  <testcase name="registerPageTitle" time="0.009" classname="com.freecrm.testcases.RegisterPageTest"/>
  <testcase name="resisterTest1" time="0.001" classname="com.freecrm.testcases.RegisterPageTest"/>
  <testcase name="newTest1" time="0.001" classname="com.freecrm.testcases.NewClassTest"/>
  <testcase name="newTest2" time="0.002" classname="com.freecrm.testcases.NewClassTest"/>
</testsuite> <!-- Test -->
