<?xml version="1.0" encoding="UTF-8"?>
<testng-results skipped="0" failed="0" ignored="0" total="4" passed="4">
  <reporter-output>
  </reporter-output>
  <suite name="Suite" duration-ms="58" started-at="2020-03-28T02:27:01 CDT" finished-at="2020-03-28T02:27:01 CDT">
    <groups>
    </groups>
    <test name="Test" duration-ms="58" started-at="2020-03-28T02:27:01 CDT" finished-at="2020-03-28T02:27:01 CDT">
      <class name="com.freecrm.testcases.RegisterPageTest">
        <test-method status="PASS" signature="registerPageTitle()[pri:0, instance:com.freecrm.testcases.RegisterPageTest@a7e666]" name="registerPageTitle" duration-ms="9" started-at="2020-03-28T02:27:01 CDT" finished-at="2020-03-28T02:27:01 CDT">
          <reporter-output>
          </reporter-output>
        </test-method> <!-- registerPageTitle -->
        <test-method status="PASS" signature="resisterTest1()[pri:0, instance:com.freecrm.testcases.RegisterPageTest@a7e666]" name="resisterTest1" duration-ms="1" started-at="2020-03-28T02:27:01 CDT" finished-at="2020-03-28T02:27:01 CDT">
          <reporter-output>
          </reporter-output>
        </test-method> <!-- resisterTest1 -->
      </class> <!-- com.freecrm.testcases.RegisterPageTest -->
      <class name="com.freecrm.testcases.NewClassTest">
        <test-method status="PASS" signature="newTest1()[pri:0, instance:com.freecrm.testcases.NewClassTest@68bbe345]" name="newTest1" duration-ms="1" started-at="2020-03-28T02:27:01 CDT" finished-at="2020-03-28T02:27:01 CDT">
          <reporter-output>
          </reporter-output>
        </test-method> <!-- newTest1 -->
        <test-method status="PASS" signature="newTest2()[pri:0, instance:com.freecrm.testcases.NewClassTest@68bbe345]" name="newTest2" duration-ms="2" started-at="2020-03-28T02:27:01 CDT" finished-at="2020-03-28T02:27:01 CDT">
          <reporter-output>
          </reporter-output>
        </test-method> <!-- newTest2 -->
      </class> <!-- com.freecrm.testcases.NewClassTest -->
    </test> <!-- Test -->
  </suite> <!-- Suite -->
</testng-results>
